<?xml version="1.0" encoding="UTF-8"?>
<Site BuildName="Darwin-clang++"
	BuildStamp="20230921-0714-Experimental"
	Name="sinhyeonjun-ui-MacBookPro.local"
	Generator="ctest-3.26.4"
	CompilerName="/usr/bin/clang++"
	CompilerVersion="14.0.3.14030022"
	OSName="macOS"
	Hostname="sinhyeonjun-ui-MacBookPro.local"
	OSRelease="13.4.1"
	OSVersion="22F770820d"
	OSPlatform="arm64"
	Is64Bits="1"
	VendorString="IBM"
	VendorID="IBM"
	FamilyID="16777228"
	ModelID="2"
	ProcessorCacheSize="131072"
	NumberOfLogicalCPU="10"
	NumberOfPhysicalCPU="10"
	TotalVirtualMemory="6144"
	TotalPhysicalMemory="16384"
	LogicalProcessorsPerPhysical="10"
	ProcessorClockFrequency="0"
	>
	<Testing>
		<StartDateTime>Sep 22 00:20 KST</StartDateTime>
		<StartTestTime>1695309614</StartTestTime>
		<TestList/>
		<EndDateTime>Sep 22 00:20 KST</EndDateTime>
		<EndTestTime>1695309614</EndTestTime>
		<ElapsedMinutes>0</ElapsedMinutes>
	</Testing>
</Site>
